#
# There is insufficient memory for the Java Runtime Environment to continue.
# Native memory allocation (malloc) failed to allocate 1142416 bytes for Chunk::new
# Possible reasons:
#   The system is out of physical RAM or swap space
#   The process is running with CompressedOops enabled, and the Java Heap may be blocking the growth of the native heap
# Possible solutions:
#   Reduce memory load on the system
#   Increase physical memory or swap space
#   Check if swap backing store is full
#   Decrease Java heap size (-Xmx/-Xms)
#   Decrease number of Java threads
#   Decrease Java thread stack sizes (-Xss)
#   Set larger code cache with -XX:ReservedCodeCacheSize=
#   JVM is running with Unscaled Compressed Oops mode in which the Java heap is
#     placed in the first 4GB address space. The Java Heap base address is the
#     maximum limit for the native heap growth. Please use -XX:HeapBaseMinAddress
#     to set the Java Heap base and to place the Java Heap above 4GB virtual address.
# This output file may be truncated or incomplete.
#
#  Out of Memory Error (allocation.cpp:389), pid=13788, tid=0x0000000000001e20
#
# JRE version: OpenJDK Runtime Environment (8.0_242-b01) (build 1.8.0_242-release-1644-b01)
# Java VM: OpenJDK 64-Bit Server VM (25.242-b01 mixed mode windows-amd64 compressed oops)
# Failed to write core dump. Minidumps are not enabled by default on client versions of Windows
#

---------------  T H R E A D  ---------------

Current thread (0x0000000017b99800):  JavaThread "C2 CompilerThread1" daemon [_thread_in_native, id=7712, stack(0x00000000192f0000,0x00000000193f0000)]

Stack: [0x00000000192f0000,0x00000000193f0000]
[error occurred during error reporting (printing stack bounds), id 0xc0000005]

Native frames: (J=compiled Java code, j=interpreted, Vv=VM code, C=native code)


Current CompileTask:
C2: 179843 6479   !   4       java.lang.reflect.Executable::sharedToGenericString (329 bytes)


---------------  P R O C E S S  ---------------

Java Threads: ( => current thread )
  0x000000001c3fc000 JavaThread "Build operations Thread 4" [_thread_blocked, id=2212, stack(0x00000000248e0000,0x00000000249e0000)]
  0x000000001c403000 JavaThread "Build operations Thread 3" [_thread_blocked, id=10160, stack(0x00000000247e0000,0x00000000248e0000)]
  0x000000001c402000 JavaThread "Build operations Thread 2" [_thread_blocked, id=11448, stack(0x00000000246e0000,0x00000000247e0000)]
  0x000000001c401800 JavaThread "Build operations" [_thread_blocked, id=12952, stack(0x0000000021be0000,0x0000000021ce0000)]
  0x000000001c3fb800 JavaThread "Cache worker for Build Output Cleanup Cache (C:\Users\Loki\AndroidStudioProjects\Alexandria\.gradle\buildOutputCleanup)" [_thread_blocked, id=13168, stack(0x00000000218c0000,0x00000000219c0000)]
  0x000000001c3ff000 JavaThread "Cache worker for file content cache (C:\Users\Loki\.gradle\caches\6.5\fileContent)" [_thread_blocked, id=2344, stack(0x00000000217c0000,0x00000000218c0000)]
  0x000000001c3fd000 JavaThread "Cache worker for execution history cache (C:\Users\Loki\.gradle\caches\6.5\executionHistory)" [_thread_blocked, id=7548, stack(0x00000000212c0000,0x00000000213c0000)]
  0x000000001b5f3800 JavaThread "Cache worker for cache directory md-rule (C:\Users\Loki\.gradle\caches\6.5\md-rule)" [_thread_blocked, id=6876, stack(0x0000000020fc0000,0x00000000210c0000)]
  0x000000001b5f3000 JavaThread "Cache worker for cache directory md-supplier (C:\Users\Loki\.gradle\caches\6.5\md-supplier)" [_thread_blocked, id=2616, stack(0x0000000020ec0000,0x0000000020fc0000)]
  0x000000001b5f2000 JavaThread "Cache worker for checksums cache (C:\Users\Loki\AndroidStudioProjects\Alexandria\.gradle\checksums)" [_thread_blocked, id=13624, stack(0x0000000020dc0000,0x0000000020ec0000)]
  0x000000001b7a7800 JavaThread "Cache worker for file hash cache (C:\Users\Loki\AndroidStudioProjects\Alexandria\.gradle\6.5\fileHashes)" [_thread_blocked, id=2320, stack(0x000000001ed60000,0x000000001ee60000)]
  0x000000001b7aa800 JavaThread "Cache worker for file hash cache (C:\Users\Loki\.gradle\caches\6.5\fileHashes)" [_thread_blocked, id=1500, stack(0x000000001dc90000,0x000000001dd90000)]
  0x000000001b7ac000 JavaThread "File lock request listener" [_thread_in_native, id=15296, stack(0x000000001db90000,0x000000001dc90000)]
  0x000000001b877800 JavaThread "Cache worker for journal cache (C:\Users\Loki\.gradle\caches\journal-1)" [_thread_blocked, id=11788, stack(0x000000001d990000,0x000000001da90000)]
  0x000000001b64a000 JavaThread "Thread-9" [_thread_blocked, id=6516, stack(0x000000001d690000,0x000000001d790000)]
  0x000000001b628000 JavaThread "Asynchronous log dispatcher for DefaultDaemonConnection: socket connection from /127.0.0.1:58571 to /127.0.0.1:58572" [_thread_blocked, id=9056, stack(0x000000001d490000,0x000000001d590000)]
  0x000000001b625000 JavaThread "Daemon worker" [_thread_in_Java, id=12236, stack(0x000000001d390000,0x000000001d490000)]
  0x000000001b62c800 JavaThread "Cancel handler" [_thread_blocked, id=11372, stack(0x000000001d290000,0x000000001d390000)]
  0x000000001b5f4800 JavaThread "Handler for socket connection from /127.0.0.1:58571 to /127.0.0.1:58572" [_thread_in_native, id=15196, stack(0x000000001d190000,0x000000001d290000)]
  0x000000001b5e2000 JavaThread "Daemon" [_thread_blocked, id=13728, stack(0x000000001d090000,0x000000001d190000)]
  0x000000001b512800 JavaThread "Daemon periodic checks" [_thread_blocked, id=12136, stack(0x000000001cd90000,0x000000001ce90000)]
  0x000000001b511000 JavaThread "Incoming local TCP Connector on port 58571" [_thread_in_native, id=1072, stack(0x000000001cb40000,0x000000001cc40000)]
  0x000000001986e800 JavaThread "Daemon health stats" [_thread_blocked, id=9408, stack(0x000000001c500000,0x000000001c600000)]
  0x0000000017bec800 JavaThread "Service Thread" daemon [_thread_blocked, id=500, stack(0x00000000198f0000,0x00000000199f0000)]
  0x0000000017ba4800 JavaThread "C1 CompilerThread2" daemon [_thread_blocked, id=5780, stack(0x00000000193f0000,0x00000000194f0000)]
=>0x0000000017b99800 JavaThread "C2 CompilerThread1" daemon [_thread_in_native, id=7712, stack(0x00000000192f0000,0x00000000193f0000)]
  0x0000000017b96000 JavaThread "C2 CompilerThread0" daemon [_thread_in_native, id=488, stack(0x00000000191f0000,0x00000000192f0000)]
  0x0000000017b94800 JavaThread "Attach Listener" daemon [_thread_blocked, id=5172, stack(0x00000000190f0000,0x00000000191f0000)]
  0x0000000017b93000 JavaThread "Signal Dispatcher" daemon [_thread_blocked, id=8096, stack(0x0000000018ff0000,0x00000000190f0000)]
  0x0000000002f6a000 JavaThread "Finalizer" daemon [_thread_blocked, id=8532, stack(0x0000000018de0000,0x0000000018ee0000)]
  0x0000000002f61000 JavaThread "Reference Handler" daemon [_thread_blocked, id=6896, stack(0x0000000018ce0000,0x0000000018de0000)]
  0x0000000000f2e000 JavaThread "main" [_thread_blocked, id=4952, stack(0x0000000002d70000,0x0000000002e70000)]

Other Threads:
  0x0000000017b56800 VMThread [stack: 0x0000000018be0000,0x0000000018ce0000] [id=1568]
  0x0000000017bee800 WatcherThread [stack: 0x00000000199f0000,0x0000000019af0000] [id=3344]

VM state:not at safepoint (normal execution)

VM Mutex/Monitor currently owned by a thread: None

heap address: 0x0000000080000000, size: 2048 MB, Compressed Oops mode: 32-bit
Narrow klass base: 0x0000000000000000, Narrow klass shift: 3
Compressed class space size: 1073741824 Address: 0x0000000100000000

Heap:
 PSYoungGen      total 282624K, used 121695K [0x00000000d5580000, 0x00000000e8880000, 0x0000000100000000)
  eden space 264192K, 46% used [0x00000000d5580000,0x00000000dcc57d30,0x00000000e5780000)
  from space 18432K, 0% used [0x00000000e7500000,0x00000000e7500000,0x00000000e8700000)
  to   space 25088K, 0% used [0x00000000e5780000,0x00000000e5780000,0x00000000e7000000)
 ParOldGen       total 155648K, used 39582K [0x0000000080000000, 0x0000000089800000, 0x00000000d5580000)
  object space 155648K, 25% used [0x0000000080000000,0x00000000826a7bb0,0x0000000089800000)
 Metaspace       used 63184K, capacity 65686K, committed 65880K, reserved 1105920K
  class space    used 8456K, capacity 8995K, committed 9088K, reserved 1048576K

Card table byte_map: [0x0000000012330000,0x0000000012740000] byte_map_base: 0x0000000011f30000

Marking Bits: (ParMarkBitMap*) 0x000000006297f030
 Begin Bits: [0x0000000012df0000, 0x0000000014df0000)
 End Bits:   [0x0000000014df0000, 0x0000000016df0000)

Polling page: 0x0000000000f50000

CodeCache: size=245760Kb used=20820Kb max_used=20820Kb free=224939Kb
 bounds [0x0000000002f70000, 0x00000000043f0000, 0x0000000011f70000]
 total_blobs=6552 nmethods=5753 adapters=710
 compilation: enabled

Compilation events (10 events):
Event: 178.635 Thread 0x0000000017ba4800 6499       3       org.codehaus.groovy.runtime.metaclass.ClosureMetaClass::makeArguments (10 bytes)
Event: 178.636 Thread 0x0000000017ba4800 nmethod 6499 0x0000000004390790 code [0x00000000043908e0, 0x0000000004390a70]
Event: 178.636 Thread 0x0000000017ba4800 6500   !   3       groovy.lang.MetaMethod::doMethodInvoke (22 bytes)
Event: 178.636 Thread 0x0000000017ba4800 nmethod 6500 0x0000000004390b10 code [0x0000000004390cc0, 0x0000000004391328]
Event: 178.696 Thread 0x0000000017ba4800 6501       3       org.gradle.internal.dispatch.MethodInvocation::<init> (25 bytes)
Event: 178.696 Thread 0x0000000017ba4800 nmethod 6501 0x00000000043914d0 code [0x0000000004391640, 0x0000000004391870]
Event: 179.043 Thread 0x0000000017b96000 nmethod 6463 0x000000000439bf50 code [0x000000000439cbc0, 0x00000000043a4230]
Event: 179.043 Thread 0x0000000017b96000 6469       4       groovy.lang.MetaClassImpl::inheritInterfaceNewMetaMethods (199 bytes)
Event: 179.085 Thread 0x0000000017b99800 nmethod 6462 0x00000000043b9910 code [0x00000000043ba4c0, 0x00000000043c1160]
Event: 179.085 Thread 0x0000000017b99800 6479   !   4       java.lang.reflect.Executable::sharedToGenericString (329 bytes)

GC Heap History (10 events):
Event: 16.040 GC heap before
{Heap before GC invocations=7 (full 1):
 PSYoungGen      total 138240K, used 24185K [0x00000000d5580000, 0x00000000e3480000, 0x0000000100000000)
  eden space 133120K, 14% used [0x00000000d5580000,0x00000000d681e758,0x00000000dd780000)
  from space 5120K, 100% used [0x00000000dd780000,0x00000000ddc80000,0x00000000ddc80000)
  to   space 16896K, 0% used [0x00000000e2400000,0x00000000e2400000,0x00000000e3480000)
 ParOldGen       total 69632K, used 19397K [0x0000000080000000, 0x0000000084400000, 0x00000000d5580000)
  object space 69632K, 27% used [0x0000000080000000,0x00000000812f17c8,0x0000000084400000)
 Metaspace       used 34078K, capacity 35280K, committed 35416K, reserved 1079296K
  class space    used 4596K, capacity 4919K, committed 4992K, reserved 1048576K
Event: 16.056 GC heap after
Heap after GC invocations=7 (full 1):
 PSYoungGen      total 212992K, used 7466K [0x00000000d5580000, 0x00000000e3500000, 0x0000000100000000)
  eden space 196096K, 0% used [0x00000000d5580000,0x00000000d5580000,0x00000000e1500000)
  from space 16896K, 44% used [0x00000000e2400000,0x00000000e2b4ab88,0x00000000e3480000)
  to   space 15360K, 0% used [0x00000000e1500000,0x00000000e1500000,0x00000000e2400000)
 ParOldGen       total 69632K, used 19405K [0x0000000080000000, 0x0000000084400000, 0x00000000d5580000)
  object space 69632K, 27% used [0x0000000080000000,0x00000000812f37c8,0x0000000084400000)
 Metaspace       used 34078K, capacity 35280K, committed 35416K, reserved 1079296K
  class space    used 4596K, capacity 4919K, committed 4992K, reserved 1048576K
}
Event: 16.056 GC heap before
{Heap before GC invocations=8 (full 2):
 PSYoungGen      total 212992K, used 7466K [0x00000000d5580000, 0x00000000e3500000, 0x0000000100000000)
  eden space 196096K, 0% used [0x00000000d5580000,0x00000000d5580000,0x00000000e1500000)
  from space 16896K, 44% used [0x00000000e2400000,0x00000000e2b4ab88,0x00000000e3480000)
  to   space 15360K, 0% used [0x00000000e1500000,0x00000000e1500000,0x00000000e2400000)
 ParOldGen       total 69632K, used 19405K [0x0000000080000000, 0x0000000084400000, 0x00000000d5580000)
  object space 69632K, 27% used [0x0000000080000000,0x00000000812f37c8,0x0000000084400000)
 Metaspace       used 34078K, capacity 35280K, committed 35416K, reserved 1079296K
  class space    used 4596K, capacity 4919K, committed 4992K, reserved 1048576K
Event: 16.160 GC heap after
Heap after GC invocations=8 (full 2):
 PSYoungGen      total 212992K, used 0K [0x00000000d5580000, 0x00000000e3500000, 0x0000000100000000)
  eden space 196096K, 0% used [0x00000000d5580000,0x00000000d5580000,0x00000000e1500000)
  from space 16896K, 0% used [0x00000000e2400000,0x00000000e2400000,0x00000000e3480000)
  to   space 15360K, 0% used [0x00000000e1500000,0x00000000e1500000,0x00000000e2400000)
 ParOldGen       total 101376K, used 14384K [0x0000000080000000, 0x0000000086300000, 0x00000000d5580000)
  object space 101376K, 14% used [0x0000000080000000,0x0000000080e0c020,0x0000000086300000)
 Metaspace       used 34078K, capacity 35280K, committed 35416K, reserved 1079296K
  class space    used 4596K, capacity 4919K, committed 4992K, reserved 1048576K
}
Event: 71.758 GC heap before
{Heap before GC invocations=9 (full 2):
 PSYoungGen      total 212992K, used 196096K [0x00000000d5580000, 0x00000000e3500000, 0x0000000100000000)
  eden space 196096K, 100% used [0x00000000d5580000,0x00000000e1500000,0x00000000e1500000)
  from space 16896K, 0% used [0x00000000e2400000,0x00000000e2400000,0x00000000e3480000)
  to   space 15360K, 0% used [0x00000000e1500000,0x00000000e1500000,0x00000000e2400000)
 ParOldGen       total 101376K, used 14384K [0x0000000080000000, 0x0000000086300000, 0x00000000d5580000)
  object space 101376K, 14% used [0x0000000080000000,0x0000000080e0c020,0x0000000086300000)
 Metaspace       used 42498K, capacity 44384K, committed 44504K, reserved 1087488K
  class space    used 5695K, capacity 6055K, committed 6144K, reserved 1048576K
Event: 71.790 GC heap after
Heap after GC invocations=9 (full 2):
 PSYoungGen      total 211456K, used 15342K [0x00000000d5580000, 0x00000000e8700000, 0x0000000100000000)
  eden space 196096K, 0% used [0x00000000d5580000,0x00000000d5580000,0x00000000e1500000)
  from space 15360K, 99% used [0x00000000e1500000,0x00000000e23fbbc8,0x00000000e2400000)
  to   space 18432K, 0% used [0x00000000e7500000,0x00000000e7500000,0x00000000e8700000)
 ParOldGen       total 101376K, used 14668K [0x0000000080000000, 0x0000000086300000, 0x00000000d5580000)
  object space 101376K, 14% used [0x0000000080000000,0x0000000080e531e8,0x0000000086300000)
 Metaspace       used 42498K, capacity 44384K, committed 44504K, reserved 1087488K
  class space    used 5695K, capacity 6055K, committed 6144K, reserved 1048576K
}
Event: 161.554 GC heap before
{Heap before GC invocations=10 (full 2):
 PSYoungGen      total 211456K, used 177069K [0x00000000d5580000, 0x00000000e8700000, 0x0000000100000000)
  eden space 196096K, 82% used [0x00000000d5580000,0x00000000df36f960,0x00000000e1500000)
  from space 15360K, 99% used [0x00000000e1500000,0x00000000e23fbbc8,0x00000000e2400000)
  to   space 18432K, 0% used [0x00000000e7500000,0x00000000e7500000,0x00000000e8700000)
 ParOldGen       total 101376K, used 14668K [0x0000000080000000, 0x0000000086300000, 0x00000000d5580000)
  object space 101376K, 14% used [0x0000000080000000,0x0000000080e531e8,0x0000000086300000)
 Metaspace       used 56681K, capacity 58944K, committed 59028K, reserved 1099776K
  class space    used 7424K, capacity 7874K, committed 7936K, reserved 1048576K
Event: 161.613 GC heap after
Heap after GC invocations=10 (full 2):
 PSYoungGen      total 282624K, used 18402K [0x00000000d5580000, 0x00000000e8880000, 0x0000000100000000)
  eden space 264192K, 0% used [0x00000000d5580000,0x00000000d5580000,0x00000000e5780000)
  from space 18432K, 99% used [0x00000000e7500000,0x00000000e86f8880,0x00000000e8700000)
  to   space 25088K, 0% used [0x00000000e5780000,0x00000000e5780000,0x00000000e7000000)
 ParOldGen       total 101376K, used 23981K [0x0000000080000000, 0x0000000086300000, 0x00000000d5580000)
  object space 101376K, 23% used [0x0000000080000000,0x000000008176b578,0x0000000086300000)
 Metaspace       used 56681K, capacity 58944K, committed 59028K, reserved 1099776K
  class space    used 7424K, capacity 7874K, committed 7936K, reserved 1048576K
}
Event: 161.613 GC heap before
{Heap before GC invocations=11 (full 3):
 PSYoungGen      total 282624K, used 18402K [0x00000000d5580000, 0x00000000e8880000, 0x0000000100000000)
  eden space 264192K, 0% used [0x00000000d5580000,0x00000000d5580000,0x00000000e5780000)
  from space 18432K, 99% used [0x00000000e7500000,0x00000000e86f8880,0x00000000e8700000)
  to   space 25088K, 0% used [0x00000000e5780000,0x00000000e5780000,0x00000000e7000000)
 ParOldGen       total 101376K, used 23981K [0x0000000080000000, 0x0000000086300000, 0x00000000d5580000)
  object space 101376K, 23% used [0x0000000080000000,0x000000008176b578,0x0000000086300000)
 Metaspace       used 56681K, capacity 58944K, committed 59028K, reserved 1099776K
  class space    used 7424K, capacity 7874K, committed 7936K, reserved 1048576K
Event: 161.920 GC heap after
Heap after GC invocations=11 (full 3):
 PSYoungGen      total 282624K, used 0K [0x00000000d5580000, 0x00000000e8880000, 0x0000000100000000)
  eden space 264192K, 0% used [0x00000000d5580000,0x00000000d5580000,0x00000000e5780000)
  from space 18432K, 0% used [0x00000000e7500000,0x00000000e7500000,0x00000000e8700000)
  to   space 25088K, 0% used [0x00000000e5780000,0x00000000e5780000,0x00000000e7000000)
 ParOldGen       total 155648K, used 39582K [0x0000000080000000, 0x0000000089800000, 0x00000000d5580000)
  object space 155648K, 25% used [0x0000000080000000,0x00000000826a7bb0,0x0000000089800000)
 Metaspace       used 56616K, capacity 58774K, committed 59028K, reserved 1099776K
  class space    used 7406K, capacity 7851K, committed 7936K, reserved 1048576K
}

Deoptimization events (10 events):
Event: 176.270 Thread 0x000000001b625000 Uncommon trap: reason=unstable_if action=reinterpret pc=0x0000000003c46874 method=java.lang.Class$MethodArray.removeLessSpecifics()V @ 25
Event: 176.273 Thread 0x000000001b625000 Uncommon trap: reason=unstable_if action=reinterpret pc=0x0000000003c91f20 method=org.codehaus.groovy.runtime.metaclass.MetaMethodIndex.addMethodToList(Ljava/lang/Object;Lgroovy/lang/MetaMethod;)Ljava/lang/Object; @ 256
Event: 176.283 Thread 0x000000001b625000 Uncommon trap: reason=predicate action=maybe_recompile pc=0x0000000004299d70 method=java.util.AbstractCollection.toArray([Ljava/lang/Object;)[Ljava/lang/Object; @ 49
Event: 176.405 Thread 0x000000001b625000 Uncommon trap: reason=unstable_if action=reinterpret pc=0x0000000004026cf8 method=java.util.regex.Pattern.range(Ljava/util/regex/Pattern$BitClass;)Ljava/util/regex/Pattern$CharProperty; @ 19
Event: 176.634 Thread 0x000000001b625000 Uncommon trap: reason=array_check action=maybe_recompile pc=0x00000000042b0460 method=java.util.AbstractCollection.toArray([Ljava/lang/Object;)[Ljava/lang/Object; @ 119
Event: 176.720 Thread 0x000000001b625000 Uncommon trap: reason=array_check action=maybe_recompile pc=0x00000000042b0460 method=java.util.AbstractCollection.toArray([Ljava/lang/Object;)[Ljava/lang/Object; @ 119
Event: 176.721 Thread 0x000000001b625000 Uncommon trap: reason=array_check action=maybe_recompile pc=0x00000000042b0460 method=java.util.AbstractCollection.toArray([Ljava/lang/Object;)[Ljava/lang/Object; @ 119
Event: 176.730 Thread 0x000000001b625000 Uncommon trap: reason=array_check action=maybe_recompile pc=0x00000000042b0460 method=java.util.AbstractCollection.toArray([Ljava/lang/Object;)[Ljava/lang/Object; @ 119
Event: 177.962 Thread 0x000000001b625000 Uncommon trap: reason=unstable_if action=reinterpret pc=0x0000000004085c6c method=com.sun.org.apache.xerces.internal.impl.XMLEntityScanner.skipSpaces()Z @ 85
Event: 178.077 Thread 0x000000001b625000 Uncommon trap: reason=unstable_if action=reinterpret pc=0x0000000003fb4a60 method=java.lang.String.regionMatches(ZILjava/lang/String;II)Z @ 58

Classes redefined (0 events):
No events

Internal exceptions (10 events):
Event: 178.579 Thread 0x000000001b625000 Exception <a 'java/lang/ClassNotFoundException': org/gradle/api/internal/artifacts/configurations/DefaultConfiguration_DecoratedBeanInfo> (0x00000000dc1b3268) thrown at [C:\src\AOSP-openjdk-git\hotspot\src\share\vm\classfile\systemDictionary.cpp, line 210
Event: 178.580 Thread 0x000000001b625000 Exception <a 'java/lang/ClassNotFoundException': org/gradle/api/internal/artifacts/configurations/DefaultConfigurationBeanInfo> (0x00000000dc1ebe68) thrown at [C:\src\AOSP-openjdk-git\hotspot\src\share\vm\classfile\systemDictionary.cpp, line 210]
Event: 178.580 Thread 0x000000001b625000 Exception <a 'java/lang/ClassNotFoundException': org/gradle/api/internal/artifacts/configurations/DefaultConfigurationCustomizer> (0x00000000dc225518) thrown at [C:\src\AOSP-openjdk-git\hotspot\src\share\vm\classfile\systemDictionary.cpp, line 210]
Event: 178.583 Thread 0x000000001b625000 Exception <a 'java/lang/ClassNotFoundException': org/gradle/api/internal/artifacts/configurations/DefaultConfiguration_DecoratedCustomizer> (0x00000000dc2d5be0) thrown at [C:\src\AOSP-openjdk-git\hotspot\src\share\vm\classfile\systemDictionary.cpp, line 2
Event: 178.599 Thread 0x000000001b625000 Exception <a 'java/lang/ClassNotFoundException': org/codehaus/groovy/runtime/MethodClosureBeanInfo> (0x00000000dc3c8b60) thrown at [C:\src\AOSP-openjdk-git\hotspot\src\share\vm\classfile\systemDictionary.cpp, line 210]
Event: 178.600 Thread 0x000000001b625000 Exception <a 'java/lang/ClassNotFoundException': org/codehaus/groovy/runtime/MethodClosureCustomizer> (0x00000000dc3e26d0) thrown at [C:\src\AOSP-openjdk-git\hotspot\src\share\vm\classfile\systemDictionary.cpp, line 210]
Event: 178.604 Thread 0x000000001b625000 Exception <a 'java/lang/ClassNotFoundException': org/gradle/api/internal/artifacts/configurations/DefaultConfiguration$ConfigurationResolvableDependencies_DecoratedBeanInfo> (0x00000000dc46d6a0) thrown at [C:\src\AOSP-openjdk-git\hotspot\src\share\vm\clas
Event: 178.605 Thread 0x000000001b625000 Exception <a 'java/lang/ClassNotFoundException': org/gradle/api/internal/artifacts/configurations/DefaultConfiguration$ConfigurationResolvableDependenciesBeanInfo> (0x00000000dc4b86e8) thrown at [C:\src\AOSP-openjdk-git\hotspot\src\share\vm\classfile\syst
Event: 178.610 Thread 0x000000001b625000 Exception <a 'java/lang/ClassNotFoundException': org/gradle/api/internal/artifacts/configurations/DefaultConfiguration$ConfigurationResolvableDependenciesCustomizer> (0x00000000dc505790) thrown at [C:\src\AOSP-openjdk-git\hotspot\src\share\vm\classfile\sy
Event: 178.612 Thread 0x000000001b625000 Exception <a 'java/lang/ClassNotFoundException': org/gradle/api/internal/artifacts/configurations/DefaultConfiguration$ConfigurationResolvableDependencies_DecoratedCustomizer> (0x00000000dc56cf48) thrown at [C:\src\AOSP-openjdk-git\hotspot\src\share\vm\cl

Events (10 events):
Event: 179.131 loading class gnu/trove/THashIterator
Event: 179.131 loading class gnu/trove/THashIterator done
Event: 179.158 loading class gnu/trove/TIterator
Event: 179.158 loading class gnu/trove/TIterator done
Event: 179.208 loading class org/gradle/tooling/internal/consumer/versioning/ModelMapping$DefaultModelIdentifier
Event: 179.208 loading class org/gradle/tooling/internal/consumer/versioning/ModelMapping$DefaultModelIdentifier done
Event: 179.248 loading class com/android/ide/gradle/model/GradlePluginModel
Event: 179.248 loading class com/android/ide/gradle/model/GradlePluginModel done
Event: 179.562 loading class com/android/ide/gradle/model/artifacts/AdditionalClassifierArtifactsModel
Event: 179.562 loading class com/android/ide/gradle/model/artifacts/AdditionalClassifierArtifactsModel done


Dynamic libraries:
0x00007ff78e070000 - 0x00007ff78e0a1000 	Z:\Programs Files\Android Studio\jre\bin\java.exe
0x00007ffc6b4d0000 - 0x00007ffc6b6c5000 	C:\WINDOWS\SYSTEM32\ntdll.dll
0x00007ffc6a860000 - 0x00007ffc6a91d000 	C:\WINDOWS\System32\KERNEL32.DLL
0x00007ffc68f40000 - 0x00007ffc69208000 	C:\WINDOWS\System32\KERNELBASE.dll
0x00007ffc6ab50000 - 0x00007ffc6abfc000 	C:\WINDOWS\System32\ADVAPI32.dll
0x00007ffc69b80000 - 0x00007ffc69c1e000 	C:\WINDOWS\System32\msvcrt.dll
0x00007ffc69530000 - 0x00007ffc695cb000 	C:\WINDOWS\System32\sechost.dll
0x00007ffc6b360000 - 0x00007ffc6b48b000 	C:\WINDOWS\System32\RPCRT4.dll
0x00007ffc69f90000 - 0x00007ffc6a130000 	C:\WINDOWS\System32\USER32.dll
0x00007ffc69500000 - 0x00007ffc69522000 	C:\WINDOWS\System32\win32u.dll
0x00007ffc69f60000 - 0x00007ffc69f8a000 	C:\WINDOWS\System32\GDI32.dll
0x00007ffc693f0000 - 0x00007ffc694fb000 	C:\WINDOWS\System32\gdi32full.dll
0x00007ffc68c10000 - 0x00007ffc68cad000 	C:\WINDOWS\System32\msvcp_win.dll
0x00007ffc68e40000 - 0x00007ffc68f40000 	C:\WINDOWS\System32\ucrtbase.dll
0x00007ffc5a090000 - 0x00007ffc5a32a000 	C:\WINDOWS\WinSxS\amd64_microsoft.windows.common-controls_6595b64144ccf1df_6.0.19041.844_none_ca00b6081b84eb1d\COMCTL32.dll
0x00007ffc6a190000 - 0x00007ffc6a1c0000 	C:\WINDOWS\System32\IMM32.DLL
0x0000000061030000 - 0x0000000061102000 	Z:\Programs Files\Android Studio\jre\jre\bin\msvcr100.dll
0x00000000621b0000 - 0x00000000629fb000 	Z:\Programs Files\Android Studio\jre\jre\bin\server\jvm.dll
0x00007ffc6aad0000 - 0x00007ffc6aad8000 	C:\WINDOWS\System32\PSAPI.DLL
0x00007ffc61580000 - 0x00007ffc6158a000 	C:\WINDOWS\SYSTEM32\VERSION.dll
0x00007ffc5e450000 - 0x00007ffc5e477000 	C:\WINDOWS\SYSTEM32\WINMM.dll
0x00007ffc661e0000 - 0x00007ffc661e9000 	C:\WINDOWS\SYSTEM32\WSOCK32.dll
0x00007ffc6aae0000 - 0x00007ffc6ab4b000 	C:\WINDOWS\System32\WS2_32.dll
0x00007ffc66140000 - 0x00007ffc6614f000 	Z:\Programs Files\Android Studio\jre\jre\bin\verify.dll
0x00007ffc644f0000 - 0x00007ffc64519000 	Z:\Programs Files\Android Studio\jre\jre\bin\java.dll
0x00007ffc646a0000 - 0x00007ffc646b6000 	Z:\Programs Files\Android Studio\jre\jre\bin\zip.dll
0x00007ffc6ac10000 - 0x00007ffc6b352000 	C:\WINDOWS\System32\SHELL32.dll
0x00007ffc66b40000 - 0x00007ffc672d0000 	C:\WINDOWS\SYSTEM32\windows.storage.dll
0x00007ffc69760000 - 0x00007ffc69ab5000 	C:\WINDOWS\System32\combase.dll
0x00007ffc68610000 - 0x00007ffc6863c000 	C:\WINDOWS\SYSTEM32\Wldp.dll
0x00007ffc6a2e0000 - 0x00007ffc6a38e000 	C:\WINDOWS\System32\SHCORE.dll
0x00007ffc6a390000 - 0x00007ffc6a3e5000 	C:\WINDOWS\System32\shlwapi.dll
0x00007ffc68b50000 - 0x00007ffc68b6f000 	C:\WINDOWS\SYSTEM32\profapi.dll
0x00007ffc644d0000 - 0x00007ffc644ea000 	Z:\Programs Files\Android Studio\jre\jre\bin\net.dll
0x00007ffc68380000 - 0x00007ffc683ea000 	C:\WINDOWS\system32\mswsock.dll
0x00007ffc62f20000 - 0x00007ffc62f33000 	Z:\Programs Files\Android Studio\jre\jre\bin\nio.dll
0x00007ffc2eb40000 - 0x00007ffc2eb67000 	C:\Users\Loki\.gradle\native\f6784746aeab05261644944871eae4fe03e0ef1612fff0a4a95f87b438bc6780\windows-amd64\native-platform.dll
0x00007ffc63bb0000 - 0x00007ffc63bbd000 	Z:\Programs Files\Android Studio\jre\jre\bin\management.dll
0x00007ffc68550000 - 0x00007ffc68568000 	C:\WINDOWS\SYSTEM32\CRYPTSP.dll
0x00007ffc67cc0000 - 0x00007ffc67cf4000 	C:\WINDOWS\system32\rsaenh.dll
0x00007ffc693c0000 - 0x00007ffc693e7000 	C:\WINDOWS\System32\bcrypt.dll
0x00007ffc68ad0000 - 0x00007ffc68afe000 	C:\WINDOWS\SYSTEM32\USERENV.dll
0x00007ffc68d60000 - 0x00007ffc68de0000 	C:\WINDOWS\System32\bcryptprimitives.dll
0x00007ffc68570000 - 0x00007ffc6857c000 	C:\WINDOWS\SYSTEM32\CRYPTBASE.dll
0x00007ffc68010000 - 0x00007ffc6804b000 	C:\WINDOWS\SYSTEM32\IPHLPAPI.DLL
0x00007ffc69ac0000 - 0x00007ffc69ac8000 	C:\WINDOWS\System32\NSI.dll
0x00007ffc619e0000 - 0x00007ffc619f7000 	C:\WINDOWS\SYSTEM32\dhcpcsvc6.DLL
0x00007ffc618c0000 - 0x00007ffc618dd000 	C:\WINDOWS\SYSTEM32\dhcpcsvc.DLL
0x00007ffc68050000 - 0x00007ffc6811c000 	C:\WINDOWS\SYSTEM32\DNSAPI.dll
0x00007ffc62e70000 - 0x00007ffc62e7b000 	C:\WINDOWS\SYSTEM32\WINNSI.DLL

VM Arguments:
jvm_args: -Xmx2048M -Dfile.encoding=windows-1251 -Duser.country=RU -Duser.language=ru -Duser.variant 
java_command: org.gradle.launcher.daemon.bootstrap.GradleDaemon 6.5
java_class_path (initial): C:\Users\Loki\.gradle\wrapper\dists\gradle-6.5-all\2oz4ud9k3tuxjg84bbf55q0tn\gradle-6.5\lib\gradle-launcher-6.5.jar
Launcher Type: SUN_STANDARD

Environment Variables:
PATH=C:\Program Files (x86)\Common Files\Oracle\Java\javapath;C:\WINDOWS\system32;C:\WINDOWS;C:\WINDOWS\System32\Wbem;C:\WINDOWS\System32\WindowsPowerShell\v1.0\;C:\Program Files (x86)\Common Files\Acronis\VirtualFile\;C:\Program Files (x86)\Common Files\Acronis\VirtualFile64\;C:\Program Files (x86)\Common Files\Acronis\SnapAPI\;C:\WINDOWS\System32\OpenSSH\;C:\Program Files\dotnet\;C:\Program Files\Microsoft SQL Server\130\Tools\Binn\;C:\Program Files\Microsoft SQL Server\Client SDK\ODBC\170\Tools\Binn\;C:\Program Files (x86)\Windows Kits\10\Windows Performance Toolkit\;C:\Program Files\Git\cmd;C:\Users\Loki\AppData\Local\Programs\Python\Python38-32\Scripts\;C:\Users\Loki\AppData\Local\Programs\Python\Python38-32\;C:\Users\Loki\AppData\Local\Microsoft\WindowsApps;C:\ProgramData\Loki\atom\bin;C:\Users\Loki\AppData\Local\Microsoft\WindowsApps;;C:\Program Files\JetBrains\IntelliJ IDEA Community Edition 2021.1.1\bin;
USERNAME=Loki
OS=Windows_NT
PROCESSOR_IDENTIFIER=Intel64 Family 6 Model 23 Stepping 10, GenuineIntel



---------------  S Y S T E M  ---------------

OS: Windows 10.0 , 64 bit Build 19041 (10.0.19041.928)

CPU:total 4 (initial active 4) (4 cores per cpu, 1 threads per core) family 6 model 23 stepping 10, cmov, cx8, fxsr, mmx, sse, sse2, sse3, ssse3, sse4.1, tsc

Memory: 4k page, physical 8387700k(240724k free), swap 11459700k(4652k free)

vm_info: OpenJDK 64-Bit Server VM (25.242-b01) for windows-amd64 JRE (1.8.0_242-release-1644-b01), built by "builder" with MS VC++ 10.0 (VS2010)

time: Mon May 17 22:32:11 2021
timezone: RTZ 2 (зима)
elapsed time: 180 seconds (0d 0h 3m 0s)

